0 info it worked if it ends with ok
1 verbose cli [ '/Users/paddy/.nvm/versions/node/v6.2.2/bin/node',
1 verbose cli   '/Users/paddy/.nvm/versions/node/v6.2.2/bin/npm',
1 verbose cli   'i',
1 verbose cli   '-D',
1 verbose cli   '@types/aurelia-fetch-client' ]
2 info using npm@4.0.3
3 info using node@v6.2.2
4 silly loadCurrentTree Starting
5 silly install loadCurrentTree
6 silly install readLocalPackageData
7 silly fetchPackageMetaData @types/aurelia-fetch-client
8 silly fetchNamedPackageData @types/aurelia-fetch-client
9 silly mapToRegistry name @types/aurelia-fetch-client
10 silly mapToRegistry scope (from package name) @types
11 verbose mapToRegistry no registry URL found in name for scope @types
12 silly mapToRegistry using default registry
13 silly mapToRegistry registry https://registry.npmjs.org/
14 silly mapToRegistry data Result {
14 silly mapToRegistry   raw: '@types/aurelia-fetch-client',
14 silly mapToRegistry   scope: '@types',
14 silly mapToRegistry   escapedName: '@types%2faurelia-fetch-client',
14 silly mapToRegistry   name: '@types/aurelia-fetch-client',
14 silly mapToRegistry   rawSpec: '',
14 silly mapToRegistry   spec: 'latest',
14 silly mapToRegistry   type: 'tag' }
15 silly mapToRegistry uri https://registry.npmjs.org/@types%2faurelia-fetch-client
16 verbose request uri https://registry.npmjs.org/@types%2faurelia-fetch-client
17 verbose request no auth needed
18 info attempt registry request try #1 at 8:30:56 PM
19 verbose request id 240dded9be58ab05
20 http request GET https://registry.npmjs.org/@types%2faurelia-fetch-client
21 http 404 https://registry.npmjs.org/@types%2faurelia-fetch-client
22 verbose headers { 'content-type': 'application/json',
22 verbose headers   'cache-control': 'max-age=0',
22 verbose headers   'content-length': '2',
22 verbose headers   'accept-ranges': 'bytes',
22 verbose headers   date: 'Sat, 08 Apr 2017 08:30:57 GMT',
22 verbose headers   via: '1.1 varnish',
22 verbose headers   age: '0',
22 verbose headers   connection: 'keep-alive',
22 verbose headers   'x-served-by': 'cache-akl1421-AKL',
22 verbose headers   'x-cache': 'MISS',
22 verbose headers   'x-cache-hits': '0',
22 verbose headers   'x-timer': 'S1491640257.025319,VS0,VE698',
22 verbose headers   vary: 'Accept-Encoding' }
23 silly get cb [ 404,
23 silly get   { 'content-type': 'application/json',
23 silly get     'cache-control': 'max-age=0',
23 silly get     'content-length': '2',
23 silly get     'accept-ranges': 'bytes',
23 silly get     date: 'Sat, 08 Apr 2017 08:30:57 GMT',
23 silly get     via: '1.1 varnish',
23 silly get     age: '0',
23 silly get     connection: 'keep-alive',
23 silly get     'x-served-by': 'cache-akl1421-AKL',
23 silly get     'x-cache': 'MISS',
23 silly get     'x-cache-hits': '0',
23 silly get     'x-timer': 'S1491640257.025319,VS0,VE698',
23 silly get     vary: 'Accept-Encoding' } ]
24 silly fetchPackageMetaData Error: Registry returned 404 for GET on https://registry.npmjs.org/@types%2faurelia-fetch-client
24 silly fetchPackageMetaData     at makeError (/Users/paddy/.nvm/versions/node/v6.2.2/lib/node_modules/npm/node_modules/npm-registry-client/lib/request.js:302:12)
24 silly fetchPackageMetaData     at CachingRegistryClient.<anonymous> (/Users/paddy/.nvm/versions/node/v6.2.2/lib/node_modules/npm/node_modules/npm-registry-client/lib/request.js:280:14)
24 silly fetchPackageMetaData     at Request._callback (/Users/paddy/.nvm/versions/node/v6.2.2/lib/node_modules/npm/node_modules/npm-registry-client/lib/request.js:210:14)
24 silly fetchPackageMetaData     at Request.self.callback (/Users/paddy/.nvm/versions/node/v6.2.2/lib/node_modules/npm/node_modules/request/request.js:186:22)
24 silly fetchPackageMetaData     at emitTwo (events.js:106:13)
24 silly fetchPackageMetaData     at Request.emit (events.js:191:7)
24 silly fetchPackageMetaData     at Request.<anonymous> (/Users/paddy/.nvm/versions/node/v6.2.2/lib/node_modules/npm/node_modules/request/request.js:1081:10)
24 silly fetchPackageMetaData     at emitOne (events.js:96:13)
24 silly fetchPackageMetaData     at Request.emit (events.js:188:7)
24 silly fetchPackageMetaData     at IncomingMessage.<anonymous> (/Users/paddy/.nvm/versions/node/v6.2.2/lib/node_modules/npm/node_modules/request/request.js:1001:12)
24 silly fetchPackageMetaData  error for @types/aurelia-fetch-client { Error: Registry returned 404 for GET on https://registry.npmjs.org/@types%2faurelia-fetch-client
24 silly fetchPackageMetaData     at makeError (/Users/paddy/.nvm/versions/node/v6.2.2/lib/node_modules/npm/node_modules/npm-registry-client/lib/request.js:302:12)
24 silly fetchPackageMetaData     at CachingRegistryClient.<anonymous> (/Users/paddy/.nvm/versions/node/v6.2.2/lib/node_modules/npm/node_modules/npm-registry-client/lib/request.js:280:14)
24 silly fetchPackageMetaData     at Request._callback (/Users/paddy/.nvm/versions/node/v6.2.2/lib/node_modules/npm/node_modules/npm-registry-client/lib/request.js:210:14)
24 silly fetchPackageMetaData     at Request.self.callback (/Users/paddy/.nvm/versions/node/v6.2.2/lib/node_modules/npm/node_modules/request/request.js:186:22)
24 silly fetchPackageMetaData     at emitTwo (events.js:106:13)
24 silly fetchPackageMetaData     at Request.emit (events.js:191:7)
24 silly fetchPackageMetaData     at Request.<anonymous> (/Users/paddy/.nvm/versions/node/v6.2.2/lib/node_modules/npm/node_modules/request/request.js:1081:10)
24 silly fetchPackageMetaData     at emitOne (events.js:96:13)
24 silly fetchPackageMetaData     at Request.emit (events.js:188:7)
24 silly fetchPackageMetaData     at IncomingMessage.<anonymous> (/Users/paddy/.nvm/versions/node/v6.2.2/lib/node_modules/npm/node_modules/request/request.js:1001:12)
24 silly fetchPackageMetaData   pkgid: '@types/aurelia-fetch-client',
24 silly fetchPackageMetaData   statusCode: 404,
24 silly fetchPackageMetaData   code: 'E404' }
25 silly rollbackFailedOptional Starting
26 silly rollbackFailedOptional Finishing
27 silly runTopLevelLifecycles Finishing
28 silly install printInstalled
29 verbose stack Error: Registry returned 404 for GET on https://registry.npmjs.org/@types%2faurelia-fetch-client
29 verbose stack     at makeError (/Users/paddy/.nvm/versions/node/v6.2.2/lib/node_modules/npm/node_modules/npm-registry-client/lib/request.js:302:12)
29 verbose stack     at CachingRegistryClient.<anonymous> (/Users/paddy/.nvm/versions/node/v6.2.2/lib/node_modules/npm/node_modules/npm-registry-client/lib/request.js:280:14)
29 verbose stack     at Request._callback (/Users/paddy/.nvm/versions/node/v6.2.2/lib/node_modules/npm/node_modules/npm-registry-client/lib/request.js:210:14)
29 verbose stack     at Request.self.callback (/Users/paddy/.nvm/versions/node/v6.2.2/lib/node_modules/npm/node_modules/request/request.js:186:22)
29 verbose stack     at emitTwo (events.js:106:13)
29 verbose stack     at Request.emit (events.js:191:7)
29 verbose stack     at Request.<anonymous> (/Users/paddy/.nvm/versions/node/v6.2.2/lib/node_modules/npm/node_modules/request/request.js:1081:10)
29 verbose stack     at emitOne (events.js:96:13)
29 verbose stack     at Request.emit (events.js:188:7)
29 verbose stack     at IncomingMessage.<anonymous> (/Users/paddy/.nvm/versions/node/v6.2.2/lib/node_modules/npm/node_modules/request/request.js:1001:12)
30 verbose statusCode 404
31 verbose pkgid @types/aurelia-fetch-client
32 verbose cwd /Users/paddy/code/aurelia/twp-tasks
33 error Darwin 16.5.0
34 error argv "/Users/paddy/.nvm/versions/node/v6.2.2/bin/node" "/Users/paddy/.nvm/versions/node/v6.2.2/bin/npm" "i" "-D" "@types/aurelia-fetch-client"
35 error node v6.2.2
36 error npm  v4.0.3
37 error code E404
38 error 404 Registry returned 404 for GET on https://registry.npmjs.org/@types%2faurelia-fetch-client
39 error 404
40 error 404 '@types/aurelia-fetch-client' is not in the npm registry.
41 error 404 You should bug the author to publish it (or use the name yourself!)
42 error 404 Note that you can also install from a
43 error 404 tarball, folder, http url, or git url.
44 verbose exit [ 1, true ]
